\BOOKMARK [0][-]{section.0.1}{Conte\372do}{}% 1
\BOOKMARK [0][-]{section.0.2}{Lista de Figuras}{}% 2
\BOOKMARK [0][-]{section.0.3}{Lista de Tabelas}{}% 3
\BOOKMARK [0][-]{chapter.1}{Introdu\347\343o}{}% 4
\BOOKMARK [1][-]{section.1.1}{Op\347\365es}{chapter.1}% 5
\BOOKMARK [0][-]{chapter.2}{Alguns truques \372teis}{}% 6
\BOOKMARK [1][-]{section.2.1}{Mais alguns exemplos, agora sem qualquer explica\347\343o}{chapter.2}% 7
\BOOKMARK [0][-]{chapter.3}{``Fun''}{}% 8
\BOOKMARK [1][-]{section.3.1}{Os primeiros mil n\372meros primos}{chapter.3}% 9
\BOOKMARK [0][-]{chapter.4}{Lixo 2}{}% 10
\BOOKMARK [1][-]{section.4.1}{Lixo 2.1}{chapter.4}% 11
\BOOKMARK [2][-]{subsection.4.1.1}{Lixo 2.1.1}{section.4.1}% 12
\BOOKMARK [2][-]{subsection.4.1.2}{Lixo 2.1.2}{section.4.1}% 13
\BOOKMARK [1][-]{section.4.2}{Lixo 2.2}{chapter.4}% 14
\BOOKMARK [1][-]{section.4.3}{Lixo 2.3}{chapter.4}% 15
\BOOKMARK [2][-]{subsection.4.3.1}{Lixo 2.3.1}{section.4.3}% 16
\BOOKMARK [2][-]{subsection.4.3.2}{Lixo 2.3.2}{section.4.3}% 17
\BOOKMARK [2][-]{subsection.4.3.3}{Lixo 2.3.3}{section.4.3}% 18
\BOOKMARK [2][-]{subsection.4.3.4}{Lixo 2.3.4}{section.4.3}% 19
\BOOKMARK [2][-]{subsection.4.3.5}{Lixo 2.3.5}{section.4.3}% 20
\BOOKMARK [2][-]{subsection.4.3.6}{Lixo 2.3.6}{section.4.3}% 21
\BOOKMARK [1][-]{section.4.4}{Lixo 2.4}{chapter.4}% 22
\BOOKMARK [1][-]{section.4.5}{Lixo 2.5}{chapter.4}% 23
\BOOKMARK [1][-]{section.4.6}{Lixo 2.6}{chapter.4}% 24
\BOOKMARK [0][-]{chapter.5}{Lixo 3}{}% 25
\BOOKMARK [1][-]{section.5.1}{Lixo 3.1}{chapter.5}% 26
\BOOKMARK [2][-]{subsection.5.1.1}{Lixo 3.1.1}{section.5.1}% 27
\BOOKMARK [2][-]{subsection.5.1.2}{Lixo 3.1.2}{section.5.1}% 28
\BOOKMARK [1][-]{section.5.2}{Lixo 3.2}{chapter.5}% 29
\BOOKMARK [1][-]{section.5.3}{Lixo 3.3}{chapter.5}% 30
\BOOKMARK [2][-]{subsection.5.3.1}{Lixo 3.3.1}{section.5.3}% 31
\BOOKMARK [2][-]{subsection.5.3.2}{Lixo 3.3.2}{section.5.3}% 32
\BOOKMARK [2][-]{subsection.5.3.3}{Lixo 3.3.3}{section.5.3}% 33
\BOOKMARK [2][-]{subsection.5.3.4}{Lixo 3.3.4}{section.5.3}% 34
\BOOKMARK [2][-]{subsection.5.3.5}{Lixo 3.3.5}{section.5.3}% 35
\BOOKMARK [1][-]{section.5.4}{Lixo 3.4}{chapter.5}% 36
\BOOKMARK [1][-]{section.5.5}{Lixo 3.5}{chapter.5}% 37
\BOOKMARK [1][-]{section.5.6}{Lixo 3.6}{chapter.5}% 38
\BOOKMARK [1][-]{section.5.7}{Lixo 3.7}{chapter.5}% 39
\BOOKMARK [1][-]{section.5.8}{Lixo 3.8}{chapter.5}% 40
\BOOKMARK [1][-]{section.5.9}{Lixo 3.9}{chapter.5}% 41
\BOOKMARK [0][-]{chapter.6}{Conclus\365es}{}% 42
\BOOKMARK [0][-]{section.6.1}{Bibliografia}{}% 43
