This is pdfTeX, Version 3.14159265-2.6-1.40.18 (MiKTeX 2.9.6600 64-bit) (preloaded format=pdflatex 2018.2.23)  2 JUL 2018 16:17
entering extended mode
**./example.tex
(example.tex
LaTeX2e <2017-04-15>
Babel <3.18> and hyphenation patterns for 75 language(s) loaded.
(D:\SoftWare\Miktex\tex\latex\base\report.cls
Document Class: report 2014/09/29 v1.4h Standard LaTeX document class
(D:\SoftWare\Miktex\tex\latex\base\size11.clo
File: size11.clo 2014/09/29 v1.4h Standard LaTeX file (size option)
)
\c@part=\count79
\c@chapter=\count80
\c@section=\count81
\c@subsection=\count82
\c@subsubsection=\count83
\c@paragraph=\count84
\c@subparagraph=\count85
\c@figure=\count86
\c@table=\count87
\abovecaptionskip=\skip41
\belowcaptionskip=\skip42
\bibindent=\dimen102
) (uaThesis.sty
Package: uaThesis 2009/11/21 v0.6a UA thesis

(D:\SoftWare\Miktex\tex\latex\graphics\graphicx.sty
Package: graphicx 2017/06/01 v1.1a Enhanced LaTeX Graphics (DPC,SPQR)

(D:\SoftWare\Miktex\tex\latex\graphics\keyval.sty
Package: keyval 2014/10/28 v1.15 key=value parser (DPC)
\KV@toks@=\toks14
)
(D:\SoftWare\Miktex\tex\latex\graphics\graphics.sty
Package: graphics 2017/06/25 v1.2c Standard LaTeX Graphics (DPC,SPQR)

(D:\SoftWare\Miktex\tex\latex\graphics\trig.sty
Package: trig 2016/01/03 v1.10 sin cos tan (DPC)
)
(D:\SoftWare\Miktex\tex\latex\graphics-cfg\graphics.cfg
File: graphics.cfg 2016/06/04 v1.11 sample graphics configuration
)
Package graphics Info: Driver file: pdftex.def on input line 99.

(D:\SoftWare\Miktex\tex\latex\graphics-def\pdftex.def
File: pdftex.def 2018/01/08 v1.0l Graphics/color driver for pdftex
))
\Gin@req@height=\dimen103
\Gin@req@width=\dimen104
)
(D:\SoftWare\Miktex\tex\latex\graphics\color.sty
Package: color 2016/07/10 v1.1e Standard LaTeX Color (DPC)

(D:\SoftWare\Miktex\tex\latex\graphics-cfg\color.cfg
File: color.cfg 2016/01/02 v1.6 sample color configuration
)
Package color Info: Driver file: pdftex.def on input line 147.
)
(D:\SoftWare\Miktex\tex\latex\a4wide\a4wide.sty
Package: a4wide 1994/08/30

(D:\SoftWare\Miktex\tex\latex\ntgclass\a4.sty
Package: a4 2004/04/15 v1.2g A4 based page layout
)))
(D:\SoftWare\Miktex\tex\generic\babel\babel.sty
Package: babel 2018/02/14 3.18 The Babel package

(D:\SoftWare\Miktex\tex\generic\babel\switch.def
File: switch.def 2018/02/14 3.18 Babel switching mechanism
)
*************************************
* Local config file bblopts.cfg used
*
(D:\SoftWare\Miktex\tex\latex\arabi\bblopts.cfg
File: bblopts.cfg 2005/09/08 v0.1 add Arabic and Farsi to "declared" options of
 babel
)
(D:\SoftWare\Miktex\tex\latex\babel-portuges\portuges.ldf
Language: portuges 2008/03/18 v1.2q Portuguese support from the babel system

(D:\SoftWare\Miktex\tex\generic\babel\babel.def
File: babel.def 2018/02/14 3.18 Babel common definitions
\babel@savecnt=\count88
\U@D=\dimen105

(D:\SoftWare\Miktex\tex\generic\babel\txtbabel.def)
\bbl@dirlevel=\count89
)
Package babel Info: Making " an active character on input line 145.
))
(D:\SoftWare\Miktex\tex\latex\hyperref\hyperref.sty
Package: hyperref 2018/02/06 v6.86b Hypertext links for LaTeX

(D:\SoftWare\Miktex\tex\generic\oberdiek\hobsub-hyperref.sty
Package: hobsub-hyperref 2016/05/16 v1.14 Bundle oberdiek, subset hyperref (HO)


(D:\SoftWare\Miktex\tex\generic\oberdiek\hobsub-generic.sty
Package: hobsub-generic 2016/05/16 v1.14 Bundle oberdiek, subset generic (HO)
Package: hobsub 2016/05/16 v1.14 Construct package bundles (HO)
Package: infwarerr 2016/05/16 v1.4 Providing info/warning/error messages (HO)
Package: ltxcmds 2016/05/16 v1.23 LaTeX kernel commands for general use (HO)
Package: ifluatex 2016/05/16 v1.4 Provides the ifluatex switch (HO)
Package ifluatex Info: LuaTeX not detected.
Package: ifvtex 2016/05/16 v1.6 Detect VTeX and its facilities (HO)
Package ifvtex Info: VTeX not detected.
Package: intcalc 2016/05/16 v1.2 Expandable calculations with integers (HO)
Package: ifpdf 2017/03/15 v3.2 Provides the ifpdf switch
Package: etexcmds 2016/05/16 v1.6 Avoid name clashes with e-TeX commands (HO)
Package etexcmds Info: Could not find \expanded.
(etexcmds)             That can mean that you are not using pdfTeX 1.50 or
(etexcmds)             that some package has redefined \expanded.
(etexcmds)             In the latter case, load this package earlier.
Package: kvsetkeys 2016/05/16 v1.17 Key value parser (HO)
Package: kvdefinekeys 2016/05/16 v1.4 Define keys (HO)
Package: pdftexcmds 2018/01/21 v0.26 Utility functions of pdfTeX for LuaTeX (HO
)
Package pdftexcmds Info: LuaTeX not detected.
Package pdftexcmds Info: \pdf@primitive is available.
Package pdftexcmds Info: \pdf@ifprimitive is available.
Package pdftexcmds Info: \pdfdraftmode found.
Package: pdfescape 2016/05/16 v1.14 Implements pdfTeX's escape features (HO)
Package: bigintcalc 2016/05/16 v1.4 Expandable calculations on big integers (HO
)
Package: bitset 2016/05/16 v1.2 Handle bit-vector datatype (HO)
Package: uniquecounter 2016/05/16 v1.3 Provide unlimited unique counter (HO)
)
Package hobsub Info: Skipping package `hobsub' (already loaded).
Package: letltxmacro 2016/05/16 v1.5 Let assignment for LaTeX macros (HO)
Package: hopatch 2016/05/16 v1.3 Wrapper for package hooks (HO)
Package: xcolor-patch 2016/05/16 xcolor patch
Package: atveryend 2016/05/16 v1.9 Hooks at the very end of document (HO)
Package atveryend Info: \enddocument detected (standard20110627).
Package: atbegshi 2016/06/09 v1.18 At begin shipout hook (HO)
Package: refcount 2016/05/16 v3.5 Data extraction from label references (HO)
Package: hycolor 2016/05/16 v1.8 Color options for hyperref/bookmark (HO)
)
(D:\SoftWare\Miktex\tex\generic\ifxetex\ifxetex.sty
Package: ifxetex 2010/09/12 v0.6 Provides ifxetex conditional
)
(D:\SoftWare\Miktex\tex\latex\oberdiek\auxhook.sty
Package: auxhook 2016/05/16 v1.4 Hooks for auxiliary files (HO)
)
(D:\SoftWare\Miktex\tex\latex\oberdiek\kvoptions.sty
Package: kvoptions 2016/05/16 v3.12 Key value format for package options (HO)
)
\@linkdim=\dimen106
\Hy@linkcounter=\count90
\Hy@pagecounter=\count91

(D:\SoftWare\Miktex\tex\latex\hyperref\pd1enc.def
File: pd1enc.def 2018/02/06 v6.86b Hyperref: PDFDocEncoding definition (HO)
)
\Hy@SavedSpaceFactor=\count92

(D:\SoftWare\Miktex\tex\latex\00miktex\hyperref.cfg
File: hyperref.cfg 2002/06/06 v1.2 hyperref configuration of TeXLive
)
Package hyperref Info: Hyper figures OFF on input line 4509.
Package hyperref Info: Link nesting OFF on input line 4514.
Package hyperref Info: Hyper index ON on input line 4517.
Package hyperref Info: Plain pages OFF on input line 4524.
Package hyperref Info: Backreferencing OFF on input line 4529.
Package hyperref Info: Implicit mode ON; LaTeX internals redefined.
Package hyperref Info: Bookmarks ON on input line 4762.
\c@Hy@tempcnt=\count93

(D:\SoftWare\Miktex\tex\latex\url\url.sty
\Urlmuskip=\muskip10
Package: url 2013/09/16  ver 3.4  Verb mode for urls, etc.
)
LaTeX Info: Redefining \url on input line 5115.
\XeTeXLinkMargin=\dimen107
\Fld@menulength=\count94
\Field@Width=\dimen108
\Fld@charsize=\dimen109
Package hyperref Info: Hyper figures OFF on input line 6369.
Package hyperref Info: Link nesting OFF on input line 6374.
Package hyperref Info: Hyper index ON on input line 6377.
Package hyperref Info: backreferencing OFF on input line 6384.
Package hyperref Info: Link coloring OFF on input line 6389.
Package hyperref Info: Link coloring with OCG OFF on input line 6394.
Package hyperref Info: PDF/A mode OFF on input line 6399.
LaTeX Info: Redefining \ref on input line 6439.
LaTeX Info: Redefining \pageref on input line 6443.
\Hy@abspage=\count95
\c@Item=\count96
\c@Hfootnote=\count97
)
Package hyperref Info: Driver (autodetected): hpdftex.

(D:\SoftWare\Miktex\tex\latex\hyperref\hpdftex.def
File: hpdftex.def 2018/02/06 v6.86b Hyperref driver for pdfTeX
\Fld@listcount=\count98
\c@bookmark@seq@number=\count99

(D:\SoftWare\Miktex\tex\latex\oberdiek\rerunfilecheck.sty
Package: rerunfilecheck 2016/05/16 v1.8 Rerun checks for auxiliary files (HO)
Package uniquecounter Info: New unique counter `rerunfilecheck' on input line 2
82.
)
\Hy@SectionHShift=\skip43
)
(D:\SoftWare\Miktex\tex\latex\amsmath\amsmath.sty
Package: amsmath 2017/09/02 v2.17a AMS math features
\@mathmargin=\skip44

For additional information on amsmath, use the `?' option.
(D:\SoftWare\Miktex\tex\latex\amsmath\amstext.sty
Package: amstext 2000/06/29 v2.01 AMS text

(D:\SoftWare\Miktex\tex\latex\amsmath\amsgen.sty
File: amsgen.sty 1999/11/30 v2.0 generic functions
\@emptytoks=\toks15
\ex@=\dimen110
))
(D:\SoftWare\Miktex\tex\latex\amsmath\amsbsy.sty
Package: amsbsy 1999/11/29 v1.2d Bold Symbols
\pmbraise@=\dimen111
)
(D:\SoftWare\Miktex\tex\latex\amsmath\amsopn.sty
Package: amsopn 2016/03/08 v2.02 operator names
)
\inf@bad=\count100
LaTeX Info: Redefining \frac on input line 213.
\uproot@=\count101
\leftroot@=\count102
LaTeX Info: Redefining \overline on input line 375.
\classnum@=\count103
\DOTSCASE@=\count104
LaTeX Info: Redefining \ldots on input line 472.
LaTeX Info: Redefining \dots on input line 475.
LaTeX Info: Redefining \cdots on input line 596.
\Mathstrutbox@=\box26
\strutbox@=\box27
\big@size=\dimen112
LaTeX Font Info:    Redeclaring font encoding OML on input line 712.
LaTeX Font Info:    Redeclaring font encoding OMS on input line 713.
\macc@depth=\count105
\c@MaxMatrixCols=\count106
\dotsspace@=\muskip11
\c@parentequation=\count107
\dspbrk@lvl=\count108
\tag@help=\toks16
\row@=\count109
\column@=\count110
\maxfields@=\count111
\andhelp@=\toks17
\eqnshift@=\dimen113
\alignsep@=\dimen114
\tagshift@=\dimen115
\tagwidth@=\dimen116
\totwidth@=\dimen117
\lineht@=\dimen118
\@envbody=\toks18
\multlinegap=\skip45
\multlinetaggap=\skip46
\mathdisplay@stack=\toks19
LaTeX Info: Redefining \[ on input line 2817.
LaTeX Info: Redefining \] on input line 2818.
)
(D:\SoftWare\Miktex\tex\latex\amsfonts\amssymb.sty
Package: amssymb 2013/01/14 v3.01 AMS font symbols

(D:\SoftWare\Miktex\tex\latex\amsfonts\amsfonts.sty
Package: amsfonts 2013/01/14 v3.01 Basic AMSFonts support
\symAMSa=\mathgroup4
\symAMSb=\mathgroup5
LaTeX Font Info:    Overwriting math alphabet `\mathfrak' in version `bold'
(Font)                  U/euf/m/n --> U/euf/b/n on input line 106.
)) (example.aux)
\openout1 = `example.aux'.

LaTeX Font Info:    Checking defaults for OML/cmm/m/it on input line 29.
LaTeX Font Info:    ... okay on input line 29.
LaTeX Font Info:    Checking defaults for T1/cmr/m/n on input line 29.
LaTeX Font Info:    ... okay on input line 29.
LaTeX Font Info:    Checking defaults for OT1/cmr/m/n on input line 29.
LaTeX Font Info:    ... okay on input line 29.
LaTeX Font Info:    Checking defaults for OMS/cmsy/m/n on input line 29.
LaTeX Font Info:    ... okay on input line 29.
LaTeX Font Info:    Checking defaults for OMX/cmex/m/n on input line 29.
LaTeX Font Info:    ... okay on input line 29.
LaTeX Font Info:    Checking defaults for U/cmr/m/n on input line 29.
LaTeX Font Info:    ... okay on input line 29.
LaTeX Font Info:    Checking defaults for PD1/pdf/m/n on input line 29.
LaTeX Font Info:    ... okay on input line 29.

(D:\SoftWare\Miktex\tex\context\base\supp-pdf.mkii
[Loading MPS to PDF converter (version 2006.09.02).]
\scratchcounter=\count112
\scratchdimen=\dimen119
\scratchbox=\box28
\nofMPsegments=\count113
\nofMParguments=\count114
\everyMPshowfont=\toks20
\MPscratchCnt=\count115
\MPscratchDim=\dimen120
\MPnumerator=\count116
\makeMPintoPDFobject=\count117
\everyMPtoPDFconversion=\toks21
) (D:\SoftWare\Miktex\tex\latex\oberdiek\epstopdf-base.sty
Package: epstopdf-base 2016/05/15 v2.6 Base part for package epstopdf

(D:\SoftWare\Miktex\tex\latex\oberdiek\grfext.sty
Package: grfext 2016/05/16 v1.2 Manage graphics extensions (HO)
)
Package epstopdf-base Info: Redefining graphics rule for `.eps' on input line 4
38.
Package grfext Info: Graphics extension search list:
(grfext)             [.pdf,.png,.jpg,.mps,.jpeg,.jbig2,.jb2,.PDF,.PNG,.JPG,.JPE
G,.JBIG2,.JB2,.eps]
(grfext)             \AppendGraphicsExtensions on input line 456.
)
\AtBeginShipoutBox=\box29
Package hyperref Info: Link coloring OFF on input line 29.

(D:\SoftWare\Miktex\tex\latex\hyperref\nameref.sty
Package: nameref 2016/05/21 v2.44 Cross-referencing by name of section

(D:\SoftWare\Miktex\tex\generic\oberdiek\gettitlestring.sty
Package: gettitlestring 2016/05/16 v1.5 Cleanup title references (HO)
)
\c@section@level=\count118
)
LaTeX Info: Redefining \ref on input line 29.
LaTeX Info: Redefining \pageref on input line 29.
LaTeX Info: Redefining \nameref on input line 29.
 (example.out)
(example.out)
\@outlinefile=\write3
\openout3 = `example.out'.

<uaLogoNew.pdf, id=175, 60.225pt x 75.28125pt>
File: uaLogoNew.pdf Graphic file (type pdf)
<use uaLogoNew.pdf>
Package pdftex.def Info: uaLogoNew.pdf  used on input line 39.
(pdftex.def)             Requested size: 136.60036pt x 170.71652pt.
LaTeX Font Info:    Try loading font information for U+msa on input line 39.
 (D:\SoftWare\Miktex\tex\latex\amsfonts\umsa.fd
File: umsa.fd 2013/01/14 v3.01 AMS symbols A
)
LaTeX Font Info:    Try loading font information for U+msb on input line 39.

(D:\SoftWare\Miktex\tex\latex\amsfonts\umsb.fd
File: umsb.fd 2013/01/14 v3.01 AMS symbols B
)
File: uaLogoNew.pdf Graphic file (type pdf)
<use uaLogoNew.pdf>
Package pdftex.def Info: uaLogoNew.pdf  used on input line 39.
(pdftex.def)             Requested size: 20.48633pt x 25.60747pt.
Package babel Info: Redefining portuges shorthand "|
(babel)             in language  on input line 42.
Package babel Info: Redefining portuges shorthand "|
(babel)             in language  on input line 42.
 [1

{C:/Users/Tyrs Wolf/AppData/Local/MiKTeX/2.9/pdftex/config/pdftex.map} <./uaLog
oNew.pdf>]
Package babel Info: Redefining portuges shorthand "|
(babel)             in language  on input line 43.
Package babel Info: Redefining portuges shorthand "|
(babel)             in language  on input line 43.
pdfTeX warning (ext4): destination with the same identifier (name{page.1}) has 
been already used, duplicate ignored
<to be read again> 
                   \relax 
l.43 \titlepage\ \endtitlepage
                               % empty page [1]
File: uaLogoNew.pdf Graphic file (type pdf)
<use uaLogoNew.pdf>
Package pdftex.def Info: uaLogoNew.pdf  used on input line 54.
(pdftex.def)             Requested size: 20.48633pt x 25.60747pt.
Package babel Info: Redefining portuges shorthand "|
(babel)             in language  on input line 57.
Package babel Info: Redefining portuges shorthand "|
(babel)             in language  on input line 57.
pdfTeX warning (ext4): destination with the same identifier (name{page.1}) has 
been already used, duplicate ignored
<to be read again> 
                   \relax 
l.57 \EndTitlePage
                   [1]
Package babel Info: Redefining portuges shorthand "|
(babel)             in language  on input line 58.
Package babel Info: Redefining portuges shorthand "|
(babel)             in language  on input line 58.
pdfTeX warning (ext4): destination with the same identifier (name{page.1}) has 
been already used, duplicate ignored
<to be read again> 
                   \relax 
l.58 \titlepage\ \endtitlepage
                               % empty page [1]
File: uaLogoNew.pdf Graphic file (type pdf)
<use uaLogoNew.pdf>
Package pdftex.def Info: uaLogoNew.pdf  used on input line 66.
(pdftex.def)             Requested size: 20.48633pt x 25.60747pt.
Package babel Info: Redefining portuges shorthand "|
(babel)             in language  on input line 74.
Package babel Info: Redefining portuges shorthand "|
(babel)             in language  on input line 74.
pdfTeX warning (ext4): destination with the same identifier (name{page.1}) has 
been already used, duplicate ignored
<to be read again> 
                   \relax 
l.74 \EndTitlePage
                   [1]
Package babel Info: Redefining portuges shorthand "|
(babel)             in language  on input line 75.
Package babel Info: Redefining portuges shorthand "|
(babel)             in language  on input line 75.
pdfTeX warning (ext4): destination with the same identifier (name{page.1}) has 
been already used, duplicate ignored
<to be read again> 
                   \relax 
l.75 \titlepage\ \endtitlepage
                               % empty page [1]
Package babel Info: Redefining portuges shorthand "|
(babel)             in language  on input line 97.
Package babel Info: Redefining portuges shorthand "|
(babel)             in language  on input line 97.
pdfTeX warning (ext4): destination with the same identifier (name{page.1}) has 
been already used, duplicate ignored
<to be read again> 
                   \relax 
l.97 \EndTitlePage
                   [1]
Package babel Info: Redefining portuges shorthand "|
(babel)             in language  on input line 98.
Package babel Info: Redefining portuges shorthand "|
(babel)             in language  on input line 98.
pdfTeX warning (ext4): destination with the same identifier (name{page.1}) has 
been already used, duplicate ignored
<to be read again> 
                   \relax 
l.98 \titlepage\ \endtitlepage
                               % empty page [1]
Package babel Info: Redefining portuges shorthand "|
(babel)             in language  on input line 109.
Package babel Info: Redefining portuges shorthand "|
(babel)             in language  on input line 109.
pdfTeX warning (ext4): destination with the same identifier (name{page.1}) has 
been already used, duplicate ignored
<to be read again> 
                   \relax 
l.109 \EndTitlePage
                    [1]
Package babel Info: Redefining portuges shorthand "|
(babel)             in language  on input line 110.
Package babel Info: Redefining portuges shorthand "|
(babel)             in language  on input line 110.
pdfTeX warning (ext4): destination with the same identifier (name{page.1}) has 
been already used, duplicate ignored
<to be read again> 
                   \relax 
l.110 \titlepage\ \endtitlepage
                                % empty page [1]
Package babel Info: Redefining portuges shorthand "|
(babel)             in language  on input line 123.
Package babel Info: Redefining portuges shorthand "|
(babel)             in language  on input line 123.
pdfTeX warning (ext4): destination with the same identifier (name{page.1}) has 
been already used, duplicate ignored
<to be read again> 
                   \relax 
l.123 \EndTitlePage
                    [1]
Package babel Info: Redefining portuges shorthand "|
(babel)             in language  on input line 124.
Package babel Info: Redefining portuges shorthand "|
(babel)             in language  on input line 124.
pdfTeX warning (ext4): destination with the same identifier (name{page.1}) has 
been already used, duplicate ignored
<to be read again> 
                   \relax 
l.124 \titlepage\ \endtitlepage
                                % empty page [1]
Package babel Info: Redefining portuges shorthand "|
(babel)             in language  on input line 130.
Package babel Info: Redefining portuges shorthand "|
(babel)             in language  on input line 130.
pdfTeX warning (ext4): destination with the same identifier (name{page.1}) has 
been already used, duplicate ignored
<to be read again> 
                   \relax 
l.130 \EndTitlePage
                    [1]
Package babel Info: Redefining portuges shorthand "|
(babel)             in language  on input line 131.
Package babel Info: Redefining portuges shorthand "|
(babel)             in language  on input line 131.
pdfTeX warning (ext4): destination with the same identifier (name{page.1}) has 
been already used, duplicate ignored
<to be read again> 
                   \relax 
l.131 \titlepage\ \endtitlepage
                                % empty page [1]
Package babel Info: Redefining portuges shorthand "|
(babel)             in language  on input line 139.
 (example.toc
Package babel Info: Redefining portuges shorthand "|
(babel)             in language  on input line 33.
Package babel Info: Redefining portuges shorthand "|
(babel)             in language  on input line 33.
 [1

])
\tf@toc=\write4
\openout4 = `example.toc'.

Package babel Info: Redefining portuges shorthand "|
(babel)             in language  on input line 141.
Package babel Info: Redefining portuges shorthand "|
(babel)             in language  on input line 141.
 [2]
Package babel Info: Redefining portuges shorthand "|
(babel)             in language  on input line 142.

(example.lof)
\tf@lof=\write5
\openout5 = `example.lof'.

Package babel Info: Redefining portuges shorthand "|
(babel)             in language  on input line 144.
Package babel Info: Redefining portuges shorthand "|
(babel)             in language  on input line 144.
 [3


]
Package babel Info: Redefining portuges shorthand "|
(babel)             in language  on input line 144.
Package babel Info: Redefining portuges shorthand "|
(babel)             in language  on input line 144.
 [4

]
Package babel Info: Redefining portuges shorthand "|
(babel)             in language  on input line 145.
 (example.lot)
\tf@lot=\write6
\openout6 = `example.lot'.

Package babel Info: Redefining portuges shorthand "|
(babel)             in language  on input line 150.
Package babel Info: Redefining portuges shorthand "|
(babel)             in language  on input line 150.
 [5

]
Package babel Info: Redefining portuges shorthand "|
(babel)             in language  on input line 150.
Package babel Info: Redefining portuges shorthand "|
(babel)             in language  on input line 150.
 [6

]
Cap\'{\i }tulo 1.
Package babel Info: Redefining portuges shorthand "|
(babel)             in language  on input line 152.
Missing character: There is no õ in font cmr10!
Package babel Info: Redefining portuges shorthand "|
(babel)             in language  on input line 164.
LaTeX Font Info:    Try loading font information for OMS+cmr on input line 168.

(D:\SoftWare\Miktex\tex\latex\base\omscmr.fd
File: omscmr.fd 2014/09/29 v2.5h Standard LaTeX font definitions
)
LaTeX Font Info:    Font shape `OMS/cmr/m/n' in size <10.95> not available
(Font)              Font shape `OMS/cmsy/m/n' tried instead on input line 168.
Package babel Info: Redefining portuges shorthand "|
(babel)             in language  on input line 182.
Package babel Info: Redefining portuges shorthand "|
(babel)             in language  on input line 182.
pdfTeX warning (ext4): destination with the same identifier (name{page.1}) has 
been already used, duplicate ignored
<to be read again> 
                   \relax 
l.182 \cleardoublepage
                       [1

]
Package babel Info: Redefining portuges shorthand "|
(babel)             in language  on input line 182.
Package babel Info: Redefining portuges shorthand "|
(babel)             in language  on input line 182.
 [2

]
Cap\'{\i }tulo 2.
Package babel Info: Redefining portuges shorthand "|
(babel)             in language  on input line 183.

Overfull \hbox (12.86195pt too wide) in paragraph at lines 300--302
[][]\OT1/cmr/m/n/10.95 E possvel in-tro-du-zir um espaco ver-ti-cal ex-tra e
n-tre paragrafos usando as ma-cros [][]\OT1/cmtt/m/n/10.95 \smallskip[]\OT1/cm
r/m/n/10.95 ,|
 []

Package babel Info: Redefining portuges shorthand "|
(babel)             in language  on input line 304.
Package babel Info: Redefining portuges shorthand "|
(babel)             in language  on input line 330.
Package babel Info: Redefining portuges shorthand "|
(babel)             in language  on input line 330.
[3

]
Package babel Info: Redefining portuges shorthand "|
(babel)             in language  on input line 394.
Package babel Info: Redefining portuges shorthand "|
(babel)             in language  on input line 394.
 [4]
Cap\'{\i }tulo 3.
Package babel Info: Redefining portuges shorthand "|
(babel)             in language  on input line 395.
Package babel Info: Redefining portuges shorthand "|
(babel)             in language  on input line 416.
\n=\count119
\p=\count120
\d=\count121
\a=\count122
Package babel Info: Redefining portuges shorthand "|
(babel)             in language  on input line 426.
Package babel Info: Redefining portuges shorthand "|
(babel)             in language  on input line 426.
[5


]
Package babel Info: Redefining portuges shorthand "|
(babel)             in language  on input line 426.
Package babel Info: Redefining portuges shorthand "|
(babel)             in language  on input line 426.
 [6]
Package babel Info: Redefining portuges shorthand "|
(babel)             in language  on input line 428.
Package babel Info: Redefining portuges shorthand "|
(babel)             in language  on input line 428.
 [7]
Package babel Info: Redefining portuges shorthand "|
(babel)             in language  on input line 428.
Package babel Info: Redefining portuges shorthand "|
(babel)             in language  on input line 428.
 [8

]
Cap\'{\i }tulo 4.
Package babel Info: Redefining portuges shorthand "|
(babel)             in language  on input line 429.
Package babel Info: Redefining portuges shorthand "|
(babel)             in language  on input line 431.
Package babel Info: Redefining portuges shorthand "|
(babel)             in language  on input line 433.
Package babel Info: Redefining portuges shorthand "|
(babel)             in language  on input line 435.
Package babel Info: Redefining portuges shorthand "|
(babel)             in language  on input line 437.
Package babel Info: Redefining portuges shorthand "|
(babel)             in language  on input line 456.
Package babel Info: Redefining portuges shorthand "|
(babel)             in language  on input line 458.
Package babel Info: Redefining portuges shorthand "|
(babel)             in language  on input line 460.
Package babel Info: Redefining portuges shorthand "|
(babel)             in language  on input line 462.
Package babel Info: Redefining portuges shorthand "|
(babel)             in language  on input line 464.
Package babel Info: Redefining portuges shorthand "|
(babel)             in language  on input line 466.
Package babel Info: Redefining portuges shorthand "|
(babel)             in language  on input line 485.
Package babel Info: Redefining portuges shorthand "|
(babel)             in language  on input line 487.
Package babel Info: Redefining portuges shorthand "|
(babel)             in language  on input line 489.
Package babel Info: Redefining portuges shorthand "|
(babel)             in language  on input line 491.
Package babel Info: Redefining portuges shorthand "|
(babel)             in language  on input line 494.
Package babel Info: Redefining portuges shorthand "|
(babel)             in language  on input line 494.
[9

]
Package babel Info: Redefining portuges shorthand "|
(babel)             in language  on input line 494.
Package babel Info: Redefining portuges shorthand "|
(babel)             in language  on input line 494.
 [10]
Cap\'{\i }tulo 5.
Package babel Info: Redefining portuges shorthand "|
(babel)             in language  on input line 495.
Package babel Info: Redefining portuges shorthand "|
(babel)             in language  on input line 497.
Package babel Info: Redefining portuges shorthand "|
(babel)             in language  on input line 499.
Package babel Info: Redefining portuges shorthand "|
(babel)             in language  on input line 501.
Package babel Info: Redefining portuges shorthand "|
(babel)             in language  on input line 503.
Package babel Info: Redefining portuges shorthand "|
(babel)             in language  on input line 505.
Package babel Info: Redefining portuges shorthand "|
(babel)             in language  on input line 507.
Package babel Info: Redefining portuges shorthand "|
(babel)             in language  on input line 509.
Package babel Info: Redefining portuges shorthand "|
(babel)             in language  on input line 511.
Package babel Info: Redefining portuges shorthand "|
(babel)             in language  on input line 513.
Package babel Info: Redefining portuges shorthand "|
(babel)             in language  on input line 515.
Package babel Info: Redefining portuges shorthand "|
(babel)             in language  on input line 517.
Package babel Info: Redefining portuges shorthand "|
(babel)             in language  on input line 519.
Package babel Info: Redefining portuges shorthand "|
(babel)             in language  on input line 521.
Package babel Info: Redefining portuges shorthand "|
(babel)             in language  on input line 523.
Package babel Info: Redefining portuges shorthand "|
(babel)             in language  on input line 525.
Package babel Info: Redefining portuges shorthand "|
(babel)             in language  on input line 527.
Package babel Info: Redefining portuges shorthand "|
(babel)             in language  on input line 530.
Package babel Info: Redefining portuges shorthand "|
(babel)             in language  on input line 530.
[11


]
Package babel Info: Redefining portuges shorthand "|
(babel)             in language  on input line 530.
Package babel Info: Redefining portuges shorthand "|
(babel)             in language  on input line 530.
 [12

]
Cap\'{\i }tulo 6.
Package babel Info: Redefining portuges shorthand "|
(babel)             in language  on input line 531.
Package babel Info: Redefining portuges shorthand "|
(babel)             in language  on input line 539.
Package babel Info: Redefining portuges shorthand "|
(babel)             in language  on input line 539.
[13

]
Package babel Info: Redefining portuges shorthand "|
(babel)             in language  on input line 539.
Package babel Info: Redefining portuges shorthand "|
(babel)             in language  on input line 539.
 [14

]
Package babel Info: Redefining portuges shorthand "|
(babel)             in language  on input line 550.
Package babel Info: Redefining portuges shorthand "|
(babel)             in language  on input line 564.
Package babel Info: Redefining portuges shorthand "|
(babel)             in language  on input line 564.
 [15

]
Package babel Info: Redefining portuges shorthand "|
(babel)             in language  on input line 564.
Package babel Info: Redefining portuges shorthand "|
(babel)             in language  on input line 564.
 [16

]
Package atveryend Info: Empty hook `BeforeClearDocument' on input line 566.
Package atveryend Info: Empty hook `AfterLastShipout' on input line 566.
 (example.aux)
Package atveryend Info: Executing hook `AtVeryEndDocument' on input line 566.
Package atveryend Info: Executing hook `AtEndAfterFileList' on input line 566.
Package rerunfilecheck Info: File `example.out' has not changed.
(rerunfilecheck)             Checksum: 4363F3FDB0B20BD3AA145A493E898B40;2557.
Package atveryend Info: Empty hook `AtVeryVeryEnd' on input line 566.
 ) 
Here is how much of TeX's memory you used:
 6754 strings out of 493305
 95114 string characters out of 3142776
 198860 words of memory out of 3000000
 10125 multiletter control sequences out of 15000+200000
 16176 words of font info for 63 fonts, out of 3000000 for 9000
 1141 hyphenation exceptions out of 8191
 32i,15n,32p,302b,463s stack positions out of 5000i,500n,10000p,200000b,50000s
<D:/SoftWare/Miktex/fonts/type1/public/amsfonts/cm/cmbx10.pfb><D:/SoftWare/Mi
ktex/fonts/type1/public/amsfonts/cm/cmbx12.pfb><D:/SoftWare/Miktex/fonts/type1/
public/amsfonts/cm/cmex10.pfb><D:/SoftWare/Miktex/fonts/type1/public/amsfonts/c
m/cmmi10.pfb><D:/SoftWare/Miktex/fonts/type1/public/amsfonts/cm/cmmi5.pfb><D:/S
oftWare/Miktex/fonts/type1/public/amsfonts/cm/cmmi6.pfb><D:/SoftWare/Miktex/fon
ts/type1/public/amsfonts/cm/cmmi7.pfb><D:/SoftWare/Miktex/fonts/type1/public/am
sfonts/cm/cmmi8.pfb><D:/SoftWare/Miktex/fonts/type1/public/amsfonts/cm/cmr10.pf
b><D:/SoftWare/Miktex/fonts/type1/public/amsfonts/cm/cmr7.pfb><D:/SoftWare/Mikt
ex/fonts/type1/public/amsfonts/cm/cmr8.pfb><D:/SoftWare/Miktex/fonts/type1/publ
ic/amsfonts/cm/cmss10.pfb><D:/SoftWare/Miktex/fonts/type1/public/amsfonts/cm/cm
ssbx10.pfb><D:/SoftWare/Miktex/fonts/type1/public/amsfonts/cm/cmsy10.pfb><D:/So
ftWare/Miktex/fonts/type1/public/amsfonts/cm/cmsy7.pfb><D:/SoftWare/Miktex/font
s/type1/public/amsfonts/cm/cmsy8.pfb><D:/SoftWare/Miktex/fonts/type1/public/ams
fonts/cm/cmti10.pfb><D:/SoftWare/Miktex/fonts/type1/public/amsfonts/cm/cmtt10.p
fb><D:/SoftWare/Miktex/fonts/type1/public/amsfonts/cm/cmtt8.pfb>
Output written on example.pdf (36 pages, 278985 bytes).
PDF statistics:
 480 PDF objects out of 1000 (max. 8388607)
 78 named destinations out of 1000 (max. 500000)
 350 words of extra memory for PDF output out of 10000 (max. 10000000)

